This file contains any messages produced by compilers while
running configure, to aid debugging if configure makes a mistake.

It was created by configure, which was
generated by GNU Autoconf 2.59.  Invocation command line was

  $ ./configure CPPFLAGS=-I/Users/kokim/anaconda3/envs/py37/include LDFLAGS=-L/Users/kokim/anaconda3/envs/py37/lib CFLAGS=-I/Users/kokim/anaconda3/envs/py37/include --prefix=/Users/kokim/anaconda3/envs/py37

## --------- ##
## Platform. ##
## --------- ##

hostname = kokimui-MacBookPro.local
uname -m = x86_64
uname -r = 18.5.0
uname -s = Darwin
uname -v = Darwin Kernel Version 18.5.0: Mon Mar 11 20:40:32 PDT 2019; root:xnu-4903.251.3~3/RELEASE_X86_64

/usr/bin/uname -p = i386
/bin/uname -X     = unknown

/bin/arch              = unknown
/usr/bin/arch -k       = unknown
/usr/convex/getsysinfo = unknown
hostinfo               = Mach kernel version:
	 Darwin Kernel Version 18.5.0: Mon Mar 11 20:40:32 PDT 2019; root:xnu-4903.251.3~3/RELEASE_X86_64
Kernel configured for up to 8 processors.
4 processors are physically available.
8 processors are logically available.
Processor type: x86_64h (Intel x86-64h Haswell)
Processors active: 0 1 2 3 4 5 6 7
Primary memory available: 16.00 gigabytes
Default processor set: 418 tasks, 1779 threads, 8 processors
Load average: 0.93, Mach factor: 7.06
/bin/machine           = unknown
/usr/bin/oslevel       = unknown
/bin/universe          = unknown

PATH: /Users/kokim/anaconda3/envs/py37/bin
PATH: /opt/local/bin
PATH: /opt/local/sbin
PATH: /Users/kokim/anaconda3/condabin
PATH: /usr/local/bin
PATH: /usr/bin
PATH: /bin
PATH: /usr/sbin
PATH: /sbin
PATH: /Applications/VMware Fusion.app/Contents/Public


## ----------- ##
## Core tests. ##
## ----------- ##

configure:1348: checking for gcc
configure:1374: result: gcc
configure:1618: checking for C compiler version
configure:1621: gcc --version </dev/null >&5
Configured with: --prefix=/Applications/Xcode.app/Contents/Developer/usr --with-gxx-include-dir=/Applications/Xcode.app/Contents/Developer/Platforms/MacOSX.platform/Developer/SDKs/MacOSX10.14.sdk/usr/include/c++/4.2.1
Apple LLVM version 10.0.1 (clang-1001.0.46.4)
Target: x86_64-apple-darwin18.5.0
Thread model: posix
InstalledDir: /Applications/Xcode.app/Contents/Developer/Toolchains/XcodeDefault.xctoolchain/usr/bin
configure:1624: $? = 0
configure:1626: gcc -v </dev/null >&5
Configured with: --prefix=/Applications/Xcode.app/Contents/Developer/usr --with-gxx-include-dir=/Applications/Xcode.app/Contents/Developer/Platforms/MacOSX.platform/Developer/SDKs/MacOSX10.14.sdk/usr/include/c++/4.2.1
Apple LLVM version 10.0.1 (clang-1001.0.46.4)
Target: x86_64-apple-darwin18.5.0
Thread model: posix
InstalledDir: /Applications/Xcode.app/Contents/Developer/Toolchains/XcodeDefault.xctoolchain/usr/bin
configure:1629: $? = 0
configure:1631: gcc -V </dev/null >&5
clang: error: unsupported option '-V -Wno-atomic-implicit-seq-cst'
clang: error: no input files
configure:1634: $? = 1
configure:1657: checking for C compiler default output file name
configure:1660: gcc -I/Users/kokim/anaconda3/envs/py37/include -I/Users/kokim/anaconda3/envs/py37/include -L/Users/kokim/anaconda3/envs/py37/lib conftest.c  >&5
configure:1663: $? = 0
configure:1709: result: a.out
configure:1714: checking whether the C compiler works
configure:1720: ./a.out
configure:1723: $? = 0
configure:1740: result: yes
configure:1747: checking whether we are cross compiling
configure:1749: result: no
configure:1752: checking for suffix of executables
configure:1754: gcc -o conftest -I/Users/kokim/anaconda3/envs/py37/include -I/Users/kokim/anaconda3/envs/py37/include -L/Users/kokim/anaconda3/envs/py37/lib conftest.c  >&5
configure:1757: $? = 0
configure:1782: result: 
configure:1788: checking for suffix of object files
configure:1809: gcc -c -I/Users/kokim/anaconda3/envs/py37/include -I/Users/kokim/anaconda3/envs/py37/include conftest.c >&5
configure:1812: $? = 0
configure:1834: result: o
configure:1838: checking whether we are using the GNU C compiler
configure:1862: gcc -c -I/Users/kokim/anaconda3/envs/py37/include -I/Users/kokim/anaconda3/envs/py37/include conftest.c >&5
configure:1868: $? = 0
configure:1872: test -z 
			 || test ! -s conftest.err
configure:1875: $? = 0
configure:1878: test -s conftest.o
configure:1881: $? = 0
configure:1894: result: yes
configure:1900: checking whether gcc accepts -g
configure:1921: gcc -c -g -I/Users/kokim/anaconda3/envs/py37/include conftest.c >&5
configure:1927: $? = 0
configure:1931: test -z 
			 || test ! -s conftest.err
configure:1934: $? = 0
configure:1937: test -s conftest.o
configure:1940: $? = 0
configure:1951: result: yes
configure:1968: checking for gcc option to accept ANSI C
configure:2038: gcc  -c -I/Users/kokim/anaconda3/envs/py37/include -I/Users/kokim/anaconda3/envs/py37/include conftest.c >&5
configure:2044: $? = 0
configure:2048: test -z 
			 || test ! -s conftest.err
configure:2051: $? = 0
configure:2054: test -s conftest.o
configure:2057: $? = 0
configure:2075: result: none needed
configure:2093: gcc -c -I/Users/kokim/anaconda3/envs/py37/include -I/Users/kokim/anaconda3/envs/py37/include conftest.c >&5
conftest.c:2:3: error: unknown type name 'choke'
  choke me
  ^
conftest.c:2:11: error: expected ';' after top level declarator
  choke me
          ^
          ;
2 errors generated.
configure:2099: $? = 1
configure: failed program was:
| #ifndef __cplusplus
|   choke me
| #endif
configure:2270: checking for a BSD-compatible install
configure:2325: result: /usr/bin/install -c
configure:2338: checking for ar
configure:2354: found /usr/bin/ar
configure:2365: result: ar
configure:2379: checking how to run the C preprocessor
configure:2414: gcc -E -I/Users/kokim/anaconda3/envs/py37/include conftest.c
configure:2420: $? = 0
configure:2452: gcc -E -I/Users/kokim/anaconda3/envs/py37/include conftest.c
conftest.c:9:10: fatal error: 'ac_nonexistent.h' file not found
#include <ac_nonexistent.h>
         ^~~~~~~~~~~~~~~~~~
1 error generated.
configure:2458: $? = 1
configure: failed program was:
| /* confdefs.h.  */
| 
| #define PACKAGE_NAME ""
| #define PACKAGE_TARNAME ""
| #define PACKAGE_VERSION ""
| #define PACKAGE_STRING ""
| #define PACKAGE_BUGREPORT ""
| /* end confdefs.h.  */
| #include <ac_nonexistent.h>
configure:2497: result: gcc -E
configure:2521: gcc -E -I/Users/kokim/anaconda3/envs/py37/include conftest.c
configure:2527: $? = 0
configure:2559: gcc -E -I/Users/kokim/anaconda3/envs/py37/include conftest.c
conftest.c:9:10: fatal error: 'ac_nonexistent.h' file not found
#include <ac_nonexistent.h>
         ^~~~~~~~~~~~~~~~~~
1 error generated.
configure:2565: $? = 1
configure: failed program was:
| /* confdefs.h.  */
| 
| #define PACKAGE_NAME ""
| #define PACKAGE_TARNAME ""
| #define PACKAGE_VERSION ""
| #define PACKAGE_STRING ""
| #define PACKAGE_BUGREPORT ""
| /* end confdefs.h.  */
| #include <ac_nonexistent.h>
configure:2609: checking for egrep
configure:2619: result: grep -E
configure:2624: checking for ANSI C header files
configure:2649: gcc -c -I/Users/kokim/anaconda3/envs/py37/include -I/Users/kokim/anaconda3/envs/py37/include conftest.c >&5
configure:2655: $? = 0
configure:2659: test -z 
			 || test ! -s conftest.err
configure:2662: $? = 0
configure:2665: test -s conftest.o
configure:2668: $? = 0
configure:2757: gcc -o conftest -I/Users/kokim/anaconda3/envs/py37/include -I/Users/kokim/anaconda3/envs/py37/include -L/Users/kokim/anaconda3/envs/py37/lib conftest.c  >&5
conftest.c:26:7: warning: implicitly declaring library function 'exit' with type 'void (int) __attribute__((noreturn))' [-Wimplicit-function-declaration]
      exit(2);
      ^
conftest.c:26:7: note: include the header <stdlib.h> or explicitly provide a declaration for 'exit'
1 warning generated.
configure:2760: $? = 0
configure:2762: ./conftest
configure:2765: $? = 0
configure:2780: result: yes
configure:2804: checking for sys/types.h
configure:2820: gcc -c -I/Users/kokim/anaconda3/envs/py37/include -I/Users/kokim/anaconda3/envs/py37/include conftest.c >&5
configure:2826: $? = 0
configure:2830: test -z 
			 || test ! -s conftest.err
configure:2833: $? = 0
configure:2836: test -s conftest.o
configure:2839: $? = 0
configure:2850: result: yes
configure:2804: checking for sys/stat.h
configure:2820: gcc -c -I/Users/kokim/anaconda3/envs/py37/include -I/Users/kokim/anaconda3/envs/py37/include conftest.c >&5
configure:2826: $? = 0
configure:2830: test -z 
			 || test ! -s conftest.err
configure:2833: $? = 0
configure:2836: test -s conftest.o
configure:2839: $? = 0
configure:2850: result: yes
configure:2804: checking for stdlib.h
configure:2820: gcc -c -I/Users/kokim/anaconda3/envs/py37/include -I/Users/kokim/anaconda3/envs/py37/include conftest.c >&5
configure:2826: $? = 0
configure:2830: test -z 
			 || test ! -s conftest.err
configure:2833: $? = 0
configure:2836: test -s conftest.o
configure:2839: $? = 0
configure:2850: result: yes
configure:2804: checking for string.h
configure:2820: gcc -c -I/Users/kokim/anaconda3/envs/py37/include -I/Users/kokim/anaconda3/envs/py37/include conftest.c >&5
configure:2826: $? = 0
configure:2830: test -z 
			 || test ! -s conftest.err
configure:2833: $? = 0
configure:2836: test -s conftest.o
configure:2839: $? = 0
configure:2850: result: yes
configure:2804: checking for memory.h
configure:2820: gcc -c -I/Users/kokim/anaconda3/envs/py37/include -I/Users/kokim/anaconda3/envs/py37/include conftest.c >&5
configure:2826: $? = 0
configure:2830: test -z 
			 || test ! -s conftest.err
configure:2833: $? = 0
configure:2836: test -s conftest.o
configure:2839: $? = 0
configure:2850: result: yes
configure:2804: checking for strings.h
configure:2820: gcc -c -I/Users/kokim/anaconda3/envs/py37/include -I/Users/kokim/anaconda3/envs/py37/include conftest.c >&5
configure:2826: $? = 0
configure:2830: test -z 
			 || test ! -s conftest.err
configure:2833: $? = 0
configure:2836: test -s conftest.o
configure:2839: $? = 0
configure:2850: result: yes
configure:2804: checking for inttypes.h
configure:2820: gcc -c -I/Users/kokim/anaconda3/envs/py37/include -I/Users/kokim/anaconda3/envs/py37/include conftest.c >&5
configure:2826: $? = 0
configure:2830: test -z 
			 || test ! -s conftest.err
configure:2833: $? = 0
configure:2836: test -s conftest.o
configure:2839: $? = 0
configure:2850: result: yes
configure:2804: checking for stdint.h
configure:2820: gcc -c -I/Users/kokim/anaconda3/envs/py37/include -I/Users/kokim/anaconda3/envs/py37/include conftest.c >&5
configure:2826: $? = 0
configure:2830: test -z 
			 || test ! -s conftest.err
configure:2833: $? = 0
configure:2836: test -s conftest.o
configure:2839: $? = 0
configure:2850: result: yes
configure:2804: checking for unistd.h
configure:2820: gcc -c -I/Users/kokim/anaconda3/envs/py37/include -I/Users/kokim/anaconda3/envs/py37/include conftest.c >&5
configure:2826: $? = 0
configure:2830: test -z 
			 || test ! -s conftest.err
configure:2833: $? = 0
configure:2836: test -s conftest.o
configure:2839: $? = 0
configure:2850: result: yes
configure:2876: checking math.h usability
configure:2888: gcc -c -I/Users/kokim/anaconda3/envs/py37/include -I/Users/kokim/anaconda3/envs/py37/include conftest.c >&5
configure:2894: $? = 0
configure:2898: test -z 
			 || test ! -s conftest.err
configure:2901: $? = 0
configure:2904: test -s conftest.o
configure:2907: $? = 0
configure:2917: result: yes
configure:2921: checking math.h presence
configure:2931: gcc -E -I/Users/kokim/anaconda3/envs/py37/include conftest.c
configure:2937: $? = 0
configure:2957: result: yes
configure:2992: checking for math.h
configure:2999: result: yes
configure:3032: checking nn.h usability
configure:3044: gcc -c -I/Users/kokim/anaconda3/envs/py37/include -I/Users/kokim/anaconda3/envs/py37/include conftest.c >&5
configure:3050: $? = 0
configure:3054: test -z 
			 || test ! -s conftest.err
configure:3057: $? = 0
configure:3060: test -s conftest.o
configure:3063: $? = 0
configure:3073: result: yes
configure:3077: checking nn.h presence
configure:3087: gcc -E -I/Users/kokim/anaconda3/envs/py37/include conftest.c
configure:3093: $? = 0
configure:3113: result: yes
configure:3148: checking for nn.h
configure:3155: result: yes
configure:3032: checking csa.h usability
configure:3044: gcc -c -I/Users/kokim/anaconda3/envs/py37/include -I/Users/kokim/anaconda3/envs/py37/include conftest.c >&5
configure:3050: $? = 0
configure:3054: test -z 
			 || test ! -s conftest.err
configure:3057: $? = 0
configure:3060: test -s conftest.o
configure:3063: $? = 0
configure:3073: result: yes
configure:3077: checking csa.h presence
configure:3087: gcc -E -I/Users/kokim/anaconda3/envs/py37/include conftest.c
configure:3093: $? = 0
configure:3113: result: yes
configure:3148: checking for csa.h
configure:3155: result: yes
configure:3173: checking for main in -lm
configure:3197: gcc -o conftest -I/Users/kokim/anaconda3/envs/py37/include -I/Users/kokim/anaconda3/envs/py37/include -L/Users/kokim/anaconda3/envs/py37/lib conftest.c -lm   >&5
configure:3203: $? = 0
configure:3207: test -z 
			 || test ! -s conftest.err
configure:3210: $? = 0
configure:3213: test -s conftest
configure:3216: $? = 0
configure:3229: result: yes
configure:3247: checking for main in -lnn
configure:3271: gcc -o conftest -I/Users/kokim/anaconda3/envs/py37/include -I/Users/kokim/anaconda3/envs/py37/include -L/Users/kokim/anaconda3/envs/py37/lib conftest.c -lnn  -lm  >&5
configure:3277: $? = 0
configure:3281: test -z 
			 || test ! -s conftest.err
configure:3284: $? = 0
configure:3287: test -s conftest
configure:3290: $? = 0
configure:3303: result: yes
configure:3320: checking for main in -lcsa
configure:3344: gcc -o conftest -I/Users/kokim/anaconda3/envs/py37/include -I/Users/kokim/anaconda3/envs/py37/include -L/Users/kokim/anaconda3/envs/py37/lib conftest.c -lcsa  -lnn -lm  >&5
configure:3350: $? = 0
configure:3354: test -z 
			 || test ! -s conftest.err
configure:3357: $? = 0
configure:3360: test -s conftest
configure:3363: $? = 0
configure:3376: result: yes
configure:3392: checking for ANSI C header files
configure:3548: result: yes
configure:3566: checking for strcasecmp
configure:3623: gcc -o conftest -I/Users/kokim/anaconda3/envs/py37/include -I/Users/kokim/anaconda3/envs/py37/include -L/Users/kokim/anaconda3/envs/py37/lib conftest.c -lcsa -lnn -lm  >&5
conftest.c:50:6: warning: incompatible redeclaration of library function 'strcasecmp' [-Wincompatible-library-redeclaration]
char strcasecmp ();
     ^
conftest.c:50:6: note: 'strcasecmp' is a builtin with type 'int (const char *, const char *)'
1 warning generated.
configure:3629: $? = 0
configure:3633: test -z 
			 || test ! -s conftest.err
configure:3636: $? = 0
configure:3639: test -s conftest
configure:3642: $? = 0
configure:3654: result: yes
configure:3566: checking for strerror
configure:3623: gcc -o conftest -I/Users/kokim/anaconda3/envs/py37/include -I/Users/kokim/anaconda3/envs/py37/include -L/Users/kokim/anaconda3/envs/py37/lib conftest.c -lcsa -lnn -lm  >&5
conftest.c:51:6: warning: incompatible redeclaration of library function 'strerror' [-Wincompatible-library-redeclaration]
char strerror ();
     ^
conftest.c:51:6: note: 'strerror' is a builtin with type 'char *(int)'
1 warning generated.
configure:3629: $? = 0
configure:3633: test -z 
			 || test ! -s conftest.err
configure:3636: $? = 0
configure:3639: test -s conftest
configure:3642: $? = 0
configure:3654: result: yes
configure:3566: checking for isnan
configure:3623: gcc -o conftest -I/Users/kokim/anaconda3/envs/py37/include -I/Users/kokim/anaconda3/envs/py37/include -L/Users/kokim/anaconda3/envs/py37/lib conftest.c -lcsa -lnn -lm  >&5
configure:3629: $? = 0
configure:3633: test -z 
			 || test ! -s conftest.err
configure:3636: $? = 0
configure:3639: test -s conftest
configure:3642: $? = 0
configure:3654: result: yes
configure:3765: creating ./config.status

## ---------------------- ##
## Running config.status. ##
## ---------------------- ##

This file was extended by config.status, which was
generated by GNU Autoconf 2.59.  Invocation command line was

  CONFIG_FILES    = 
  CONFIG_HEADERS  = 
  CONFIG_LINKS    = 
  CONFIG_COMMANDS = 
  $ ./config.status 

on kokimui-MacBookPro.local

config.status:650: creating makefile
config.status:754: creating gridutilsconfig.h
config.status:876: gridutilsconfig.h is unchanged

## ---------------- ##
## Cache variables. ##
## ---------------- ##

ac_cv_c_compiler_gnu=yes
ac_cv_env_CC_set=
ac_cv_env_CC_value=
ac_cv_env_CFLAGS_set=set
ac_cv_env_CFLAGS_value=-I/Users/kokim/anaconda3/envs/py37/include
ac_cv_env_CPPFLAGS_set=set
ac_cv_env_CPPFLAGS_value=-I/Users/kokim/anaconda3/envs/py37/include
ac_cv_env_CPP_set=
ac_cv_env_CPP_value=
ac_cv_env_LDFLAGS_set=set
ac_cv_env_LDFLAGS_value=-L/Users/kokim/anaconda3/envs/py37/lib
ac_cv_env_build_alias_set=
ac_cv_env_build_alias_value=
ac_cv_env_host_alias_set=
ac_cv_env_host_alias_value=
ac_cv_env_target_alias_set=
ac_cv_env_target_alias_value=
ac_cv_exeext=
ac_cv_func_isnan=yes
ac_cv_func_strcasecmp=yes
ac_cv_func_strerror=yes
ac_cv_header_csa_h=yes
ac_cv_header_inttypes_h=yes
ac_cv_header_math_h=yes
ac_cv_header_memory_h=yes
ac_cv_header_nn_h=yes
ac_cv_header_stdc=yes
ac_cv_header_stdint_h=yes
ac_cv_header_stdlib_h=yes
ac_cv_header_string_h=yes
ac_cv_header_strings_h=yes
ac_cv_header_sys_stat_h=yes
ac_cv_header_sys_types_h=yes
ac_cv_header_unistd_h=yes
ac_cv_lib_csa=ac_cv_lib_csa_main
ac_cv_lib_csa_main=yes
ac_cv_lib_m=ac_cv_lib_m_main
ac_cv_lib_m_main=yes
ac_cv_lib_nn=ac_cv_lib_nn_main
ac_cv_lib_nn_main=yes
ac_cv_objext=o
ac_cv_path_install='/usr/bin/install -c'
ac_cv_prog_AR=ar
ac_cv_prog_CPP='gcc -E'
ac_cv_prog_ac_ct_CC=gcc
ac_cv_prog_cc_g=yes
ac_cv_prog_cc_stdc=
ac_cv_prog_egrep='grep -E'

## ----------------- ##
## Output variables. ##
## ----------------- ##

AR='ar'
CC='gcc'
CFLAGS='-I/Users/kokim/anaconda3/envs/py37/include'
CPP='gcc -E'
CPPFLAGS='-I/Users/kokim/anaconda3/envs/py37/include'
DEFS='-DHAVE_CONFIG_H'
ECHO_C='ECHO_N=''
ECHO_T=''
EGREP='grep -E'
EXEEXT=''
INSTALL_DATA='${INSTALL} -m 644'
INSTALL_PROGRAM='${INSTALL}'
INSTALL_SCRIPT='${INSTALL}'
LDFLAGS='-L/Users/kokim/anaconda3/envs/py37/lib'
LIBOBJS=''
LIBS='-lcsa -lnn -lm '
LTLIBOBJS=''
OBJEXT='o'
PACKAGE_BUGREPORT=''
PACKAGE_NAME=''
PACKAGE_STRING=''
PACKAGE_TARNAME=''
PACKAGE_VERSION=''
PATH_SEPARATOR=':'
SHELL='/bin/sh'
ac_ct_CC='gcc'
bindir='${exec_prefix}/bin'
build_alias=''
datadir='${prefix}/share'
exec_prefix='${prefix}'
host_alias=''
includedir='${prefix}/include'
infodir='${prefix}/info'
libdir='/Users/kokim/anaconda3/envs/py37/lib'
libexecdir='${exec_prefix}/libexec'
localstatedir='${prefix}/var'
mandir='${prefix}/man'
oldincludedir='/usr/include'
prefix='/Users/kokim/anaconda3/envs/py37'
program_transform_name='s,x,x,'
sbindir='${exec_prefix}/sbin'
sharedstatedir='${prefix}/com'
sysconfdir='${prefix}/etc'
target_alias=''

## ----------- ##
## confdefs.h. ##
## ----------- ##

#define HAVE_CSA_H 1
#define HAVE_INTTYPES_H 1
#define HAVE_ISNAN 1
#define HAVE_LIBCSA 1
#define HAVE_LIBM 1
#define HAVE_LIBNN 1
#define HAVE_MATH_H 1
#define HAVE_MEMORY_H 1
#define HAVE_NN_H 1
#define HAVE_STDINT_H 1
#define HAVE_STDLIB_H 1
#define HAVE_STRCASECMP 1
#define HAVE_STRERROR 1
#define HAVE_STRINGS_H 1
#define HAVE_STRING_H 1
#define HAVE_SYS_STAT_H 1
#define HAVE_SYS_TYPES_H 1
#define HAVE_UNISTD_H 1
#define PACKAGE_BUGREPORT ""
#define PACKAGE_NAME ""
#define PACKAGE_STRING ""
#define PACKAGE_TARNAME ""
#define PACKAGE_VERSION ""
#define STDC_HEADERS 1
#define STDC_HEADERS 1

configure: exit 0
